<?xml version="1.0" encoding="UTF-8"?>
<testsuite xmlns:xsi="http://www.w3.org/2001/XMLSchema-instance" xsi:noNamespaceSchemaLocation="https://maven.apache.org/surefire/maven-surefire-plugin/xsd/surefire-test-report-3.0.xsd" version="3.0" name="com.project.skiersendpoint.SkiersendpointApplicationTests" time="5.272" tests="1" errors="0" skipped="0" failures="0">
  <properties>
[...]
</properties>
  <testcase name="contextLoads" classname="com.project.skiersendpoint.SkiersendpointApplicationTests" time="1.182">
    <system-out><![CDATA[19:08:00.441 [main] INFO org.springframework.test.context.support.AnnotationConfigContextLoaderUtils -- Could not detect default configuration classes for test class [com.project.skiersendpoint.SkiersendpointApplicationTests]: SkiersendpointApplicationTests does not declare any static, non-private, non-final, nested classes annotated with @Configuration.
19:08:00.599 [main] INFO org.springframework.boot.test.context.SpringBootTestContextBootstrapper -- Found @SpringBootConfiguration com.project.skiersendpoint.SkiersendpointApplication for test class com.project.skiersendpoint.SkiersendpointApplicationTests

  .   ____          _            __ _ _
 /\\ / ___'_ __ _ _(_)_ __  __ _ \ \ \ \
( ( )\___ | '_ | '_| | '_ \/ _` | \ \ \ \
 \\/  ___)| |_)| | | | | || (_| |  ) ) ) )
  '  |____| .__|_| |_|_| |_\__, | / / / /
 =========|_|==============|___/=/_/_/_/
 :: Spring Boot ::                (v3.2.3)

2024-02-26T19:08:01.105-05:00  INFO 20368 --- [           main] c.p.s.SkiersendpointApplicationTests     : Starting SkiersendpointApplicationTests using Java 20.0.2 with PID 20368 (started by annan in C:\Users\annan\OneDrive\Documents\skiersendpoint)
2024-02-26T19:08:01.107-05:00  INFO 20368 --- [           main] c.p.s.SkiersendpointApplicationTests     : No active profile set, falling back to 1 default profile: "default"
2024-02-26T19:08:01.978-05:00  INFO 20368 --- [           main] .s.d.r.c.RepositoryConfigurationDelegate : Bootstrapping Spring Data MongoDB repositories in DEFAULT mode.
2024-02-26T19:08:02.046-05:00  INFO 20368 --- [           main] .s.d.r.c.RepositoryConfigurationDelegate : Finished Spring Data repository scanning in 59 ms. Found 1 MongoDB repository interface.
2024-02-26T19:08:02.826-05:00  INFO 20368 --- [ipb.mongodb.net] org.mongodb.driver.cluster               : Adding discovered server ac-lkhh7uc-shard-00-00.odkdipb.mongodb.net:27017 to client view of cluster
2024-02-26T19:08:02.840-05:00  INFO 20368 --- [           main] org.mongodb.driver.client                : MongoClient with metadata {"application": {"name": "Cluster0"}, "driver": {"name": "mongo-java-driver|sync|spring-boot", "version": "4.11.1"}, "os": {"type": "Windows", "name": "Windows 11", "architecture": "amd64", "version": "10.0"}, "platform": "Java/Eclipse Adoptium/20.0.2+9"} created with settings MongoClientSettings{readPreference=primary, writeConcern=WriteConcern{w=majority, wTimeout=null ms, journal=null}, retryWrites=true, retryReads=true, readConcern=ReadConcern{level=null}, credential=MongoCredential{mechanism=null, userName='annansadr', source='admin', password=<hidden>, mechanismProperties=<hidden>}, transportSettings=null, streamFactoryFactory=null, commandListeners=[], codecRegistry=ProvidersCodecRegistry{codecProviders=[ValueCodecProvider{}, BsonValueCodecProvider{}, DBRefCodecProvider{}, DBObjectCodecProvider{}, DocumentCodecProvider{}, CollectionCodecProvider{}, IterableCodecProvider{}, MapCodecProvider{}, GeoJsonCodecProvider{}, GridFSFileCodecProvider{}, Jsr310CodecProvider{}, JsonObjectCodecProvider{}, BsonCodecProvider{}, EnumCodecProvider{}, com.mongodb.client.model.mql.ExpressionCodecProvider@746c411c, com.mongodb.Jep395RecordCodecProvider@43ecfeb5, com.mongodb.KotlinCodecProvider@51efb731]}, loggerSettings=LoggerSettings{maxDocumentLength=1000}, clusterSettings={hosts=[127.0.0.1:27017], srvHost=cluster0.odkdipb.mongodb.net, srvServiceName=mongodb, mode=MULTIPLE, requiredClusterType=REPLICA_SET, requiredReplicaSetName='atlas-11h3g9-shard-0', serverSelector='null', clusterListeners='[]', serverSelectionTimeout='30000 ms', localThreshold='15 ms'}, socketSettings=SocketSettings{connectTimeoutMS=10000, readTimeoutMS=0, receiveBufferSize=0, proxySettings=ProxySettings{host=null, port=null, username=null, password=null}}, heartbeatSocketSettings=SocketSettings{connectTimeoutMS=10000, readTimeoutMS=10000, receiveBufferSize=0, proxySettings=ProxySettings{host=null, port=null, username=null, password=null}}, connectionPoolSettings=ConnectionPoolSettings{maxSize=100, minSize=0, maxWaitTimeMS=120000, maxConnectionLifeTimeMS=0, maxConnectionIdleTimeMS=0, maintenanceInitialDelayMS=0, maintenanceFrequencyMS=60000, connectionPoolListeners=[], maxConnecting=2}, serverSettings=ServerSettings{heartbeatFrequencyMS=10000, minHeartbeatFrequencyMS=500, serverListeners='[]', serverMonitorListeners='[]'}, sslSettings=SslSettings{enabled=true, invalidHostNameAllowed=false, context=null}, applicationName='Cluster0', compressorList=[], uuidRepresentation=JAVA_LEGACY, serverApi=null, autoEncryptionSettings=null, dnsClient=null, inetAddressResolver=null, contextProvider=null}
2024-02-26T19:08:02.883-05:00  INFO 20368 --- [ipb.mongodb.net] org.mongodb.driver.cluster               : Adding discovered server ac-lkhh7uc-shard-00-02.odkdipb.mongodb.net:27017 to client view of cluster
2024-02-26T19:08:02.887-05:00  INFO 20368 --- [ipb.mongodb.net] org.mongodb.driver.cluster               : Adding discovered server ac-lkhh7uc-shard-00-01.odkdipb.mongodb.net:27017 to client view of cluster
2024-02-26T19:08:03.699-05:00  INFO 20368 --- [ngodb.net:27017] org.mongodb.driver.cluster               : Monitor thread successfully connected to server with description ServerDescription{address=ac-lkhh7uc-shard-00-02.odkdipb.mongodb.net:27017, type=REPLICA_SET_PRIMARY, state=CONNECTED, ok=true, minWireVersion=0, maxWireVersion=17, maxDocumentSize=16777216, logicalSessionTimeoutMinutes=30, roundTripTimeNanos=423020500, setName='atlas-11h3g9-shard-0', canonicalAddress=ac-lkhh7uc-shard-00-02.odkdipb.mongodb.net:27017, hosts=[ac-lkhh7uc-shard-00-00.odkdipb.mongodb.net:27017, ac-lkhh7uc-shard-00-02.odkdipb.mongodb.net:27017, ac-lkhh7uc-shard-00-01.odkdipb.mongodb.net:27017], passives=[], arbiters=[], primary='ac-lkhh7uc-shard-00-02.odkdipb.mongodb.net:27017', tagSet=TagSet{[Tag{name='availabilityZone', value='use1-az6'}, Tag{name='diskState', value='READY'}, Tag{name='nodeType', value='ELECTABLE'}, Tag{name='provider', value='AWS'}, Tag{name='region', value='US_EAST_1'}, Tag{name='workloadType', value='OPERATIONAL'}]}, electionId=7fffffff00000000000001ce, setVersion=13, topologyVersion=TopologyVersion{processId=65ce5599b26db7af8242fac7, counter=6}, lastWriteDate=Mon Feb 26 19:08:02 EST 2024, lastUpdateTimeNanos=1027656240572300}
2024-02-26T19:08:03.699-05:00  INFO 20368 --- [ngodb.net:27017] org.mongodb.driver.cluster               : Monitor thread successfully connected to server with description ServerDescription{address=ac-lkhh7uc-shard-00-00.odkdipb.mongodb.net:27017, type=REPLICA_SET_SECONDARY, state=CONNECTED, ok=true, minWireVersion=0, maxWireVersion=17, maxDocumentSize=16777216, logicalSessionTimeoutMinutes=30, roundTripTimeNanos=425952100, setName='atlas-11h3g9-shard-0', canonicalAddress=ac-lkhh7uc-shard-00-00.odkdipb.mongodb.net:27017, hosts=[ac-lkhh7uc-shard-00-00.odkdipb.mongodb.net:27017, ac-lkhh7uc-shard-00-02.odkdipb.mongodb.net:27017, ac-lkhh7uc-shard-00-01.odkdipb.mongodb.net:27017], passives=[], arbiters=[], primary='ac-lkhh7uc-shard-00-02.odkdipb.mongodb.net:27017', tagSet=TagSet{[Tag{name='availabilityZone', value='use1-az2'}, Tag{name='diskState', value='READY'}, Tag{name='nodeType', value='ELECTABLE'}, Tag{name='provider', value='AWS'}, Tag{name='region', value='US_EAST_1'}, Tag{name='workloadType', value='OPERATIONAL'}]}, electionId=null, setVersion=13, topologyVersion=TopologyVersion{processId=65ce52eaa7ff8b282c4de50c, counter=4}, lastWriteDate=Mon Feb 26 19:08:02 EST 2024, lastUpdateTimeNanos=1027656240395200}
2024-02-26T19:08:03.699-05:00  INFO 20368 --- [ngodb.net:27017] org.mongodb.driver.cluster               : Monitor thread successfully connected to server with description ServerDescription{address=ac-lkhh7uc-shard-00-01.odkdipb.mongodb.net:27017, type=REPLICA_SET_SECONDARY, state=CONNECTED, ok=true, minWireVersion=0, maxWireVersion=17, maxDocumentSize=16777216, logicalSessionTimeoutMinutes=30, roundTripTimeNanos=424276900, setName='atlas-11h3g9-shard-0', canonicalAddress=ac-lkhh7uc-shard-00-01.odkdipb.mongodb.net:27017, hosts=[ac-lkhh7uc-shard-00-00.odkdipb.mongodb.net:27017, ac-lkhh7uc-shard-00-02.odkdipb.mongodb.net:27017, ac-lkhh7uc-shard-00-01.odkdipb.mongodb.net:27017], passives=[], arbiters=[], primary='ac-lkhh7uc-shard-00-02.odkdipb.mongodb.net:27017', tagSet=TagSet{[Tag{name='availabilityZone', value='use1-az4'}, Tag{name='diskState', value='READY'}, Tag{name='nodeType', value='ELECTABLE'}, Tag{name='provider', value='AWS'}, Tag{name='region', value='US_EAST_1'}, Tag{name='workloadType', value='OPERATIONAL'}]}, electionId=null, setVersion=13, topologyVersion=TopologyVersion{processId=65ce57cc454eeb822bff7b92, counter=3}, lastWriteDate=Mon Feb 26 19:08:02 EST 2024, lastUpdateTimeNanos=1027656240395200}
2024-02-26T19:08:03.706-05:00  INFO 20368 --- [ngodb.net:27017] org.mongodb.driver.cluster               : Discovered replica set primary ac-lkhh7uc-shard-00-02.odkdipb.mongodb.net:27017 with max election id 7fffffff00000000000001ce and max set version 13
2024-02-26T19:08:04.258-05:00  INFO 20368 --- [           main] c.p.s.SkiersendpointApplicationTests     : Started SkiersendpointApplicationTests in 3.457 seconds (process running for 4.954)
]]></system-out>
  </testcase>
</testsuite>